[2013-07-10 13:16:04] request.ERROR: Uncaught PHP Exception Symfony\Component\HttpKernel\Exception\NotFoundHttpException: "No route found for "GET /js/bootstrap.js"" at /Users/jsimpson1271/Applications/apache2/htdocs/projects/symfony/app/cache/prod/classes.php line 2242 {"exception":"[object] (Symfony\\Component\\HttpKernel\\Exception\\NotFoundHttpException: No route found for \"GET /js/bootstrap.js\" at /Users/jsimpson1271/Applications/apache2/htdocs/projects/symfony/app/cache/prod/classes.php:2242, Symfony\\Component\\Routing\\Exception\\ResourceNotFoundException:  at /Users/jsimpson1271/Applications/apache2/htdocs/projects/Symfony/app/cache/prod/appProdUrlMatcher.php:280)"} []
[2013-07-10 13:16:08] request.ERROR: Uncaught PHP Exception Symfony\Component\HttpKernel\Exception\NotFoundHttpException: "No route found for "GET /js/bootstrap.js"" at /Users/jsimpson1271/Applications/apache2/htdocs/projects/symfony/app/cache/prod/classes.php line 2242 {"exception":"[object] (Symfony\\Component\\HttpKernel\\Exception\\NotFoundHttpException: No route found for \"GET /js/bootstrap.js\" at /Users/jsimpson1271/Applications/apache2/htdocs/projects/symfony/app/cache/prod/classes.php:2242, Symfony\\Component\\Routing\\Exception\\ResourceNotFoundException:  at /Users/jsimpson1271/Applications/apache2/htdocs/projects/Symfony/app/cache/prod/appProdUrlMatcher.php:280)"} []
[2013-07-10 13:16:13] request.ERROR: Uncaught PHP Exception Symfony\Component\HttpKernel\Exception\NotFoundHttpException: "No route found for "GET /js/bootstrap.js"" at /Users/jsimpson1271/Applications/apache2/htdocs/projects/symfony/app/cache/prod/classes.php line 2242 {"exception":"[object] (Symfony\\Component\\HttpKernel\\Exception\\NotFoundHttpException: No route found for \"GET /js/bootstrap.js\" at /Users/jsimpson1271/Applications/apache2/htdocs/projects/symfony/app/cache/prod/classes.php:2242, Symfony\\Component\\Routing\\Exception\\ResourceNotFoundException:  at /Users/jsimpson1271/Applications/apache2/htdocs/projects/Symfony/app/cache/prod/appProdUrlMatcher.php:280)"} []
[2013-07-10 13:16:24] request.ERROR: Uncaught PHP Exception Symfony\Component\HttpKernel\Exception\NotFoundHttpException: "No route found for "GET /js/bootstrap.js"" at /Users/jsimpson1271/Applications/apache2/htdocs/projects/symfony/app/cache/prod/classes.php line 2242 {"exception":"[object] (Symfony\\Component\\HttpKernel\\Exception\\NotFoundHttpException: No route found for \"GET /js/bootstrap.js\" at /Users/jsimpson1271/Applications/apache2/htdocs/projects/symfony/app/cache/prod/classes.php:2242, Symfony\\Component\\Routing\\Exception\\ResourceNotFoundException:  at /Users/jsimpson1271/Applications/apache2/htdocs/projects/Symfony/app/cache/prod/appProdUrlMatcher.php:280)"} []
[2013-07-10 13:17:34] event.DEBUG: Notified event "kernel.request" to listener "Symfony\Bundle\FrameworkBundle\EventListener\SessionListener::onKernelRequest". [] []
[2013-07-10 13:17:34] event.DEBUG: Notified event "kernel.request" to listener "Symfony\Component\HttpKernel\EventListener\FragmentListener::onKernelRequest". [] []
[2013-07-10 13:17:34] event.DEBUG: Notified event "kernel.request" to listener "Symfony\Component\HttpKernel\EventListener\RouterListener::onKernelRequest". [] []
[2013-07-10 13:17:34] event.DEBUG: Notified event "kernel.exception" to listener "Symfony\Component\HttpKernel\EventListener\ExceptionListener::onKernelException". [] []
[2013-07-10 13:17:34] request.ERROR: Uncaught PHP Exception Symfony\Component\HttpKernel\Exception\NotFoundHttpException: "No route found for "GET /js/bootstrap.js"" at /Users/jsimpson1271/Applications/apache2/htdocs/projects/symfony/app/cache/prod/classes.php line 2242 {"exception":"[object] (Symfony\\Component\\HttpKernel\\Exception\\NotFoundHttpException: No route found for \"GET /js/bootstrap.js\" at /Users/jsimpson1271/Applications/apache2/htdocs/projects/symfony/app/cache/prod/classes.php:2242, Symfony\\Component\\Routing\\Exception\\ResourceNotFoundException:  at /Users/jsimpson1271/Applications/apache2/htdocs/projects/symfony/app/cache/prod/appProdUrlMatcher.php:280)"} []
[2013-07-10 13:17:34] event.DEBUG: Notified event "kernel.request" to listener "closure". [] []
[2013-07-10 13:17:34] event.DEBUG: Notified event "kernel.request" to listener "Symfony\Bundle\FrameworkBundle\EventListener\SessionListener::onKernelRequest". [] []
[2013-07-10 13:17:34] event.DEBUG: Notified event "kernel.request" to listener "closure". [] []
[2013-07-10 13:17:34] event.DEBUG: Notified event "kernel.request" to listener "Symfony\Component\HttpKernel\EventListener\FragmentListener::onKernelRequest". [] []
[2013-07-10 13:17:34] event.DEBUG: Notified event "kernel.request" to listener "closure". [] []
[2013-07-10 13:17:34] event.DEBUG: Notified event "kernel.request" to listener "Symfony\Component\HttpKernel\EventListener\RouterListener::onKernelRequest". [] []
[2013-07-10 13:17:34] event.DEBUG: Notified event "kernel.request" to listener "closure". [] []
[2013-07-10 13:17:34] event.DEBUG: Notified event "kernel.request" to listener "Symfony\Component\HttpKernel\EventListener\LocaleListener::onKernelRequest". [] []
[2013-07-10 13:17:34] event.DEBUG: Notified event "kernel.request" to listener "closure". [] []
[2013-07-10 13:17:34] event.DEBUG: Notified event "kernel.request" to listener "Symfony\Component\Security\Http\Firewall::onKernelRequest". [] []
[2013-07-10 13:17:34] event.DEBUG: Notified event "kernel.request" to listener "closure". [] []
[2013-07-10 13:17:34] event.DEBUG: Notified event "kernel.request" to listener "Symfony\Component\HttpKernel\EventListener\ErrorsLoggerListener::injectLogger". [] []
[2013-07-10 13:17:34] event.DEBUG: Notified event "kernel.request" to listener "closure". [] []
[2013-07-10 13:17:34] event.DEBUG: Notified event "kernel.request" to listener "Symfony\Component\HttpKernel\EventListener\ErrorsLoggerListener::injectLogger". [] []
[2013-07-10 13:17:34] event.DEBUG: Notified event "kernel.controller" to listener "Sensio\Bundle\FrameworkExtraBundle\EventListener\ControllerListener::onKernelController". [] []
[2013-07-10 13:17:34] event.DEBUG: Notified event "kernel.controller" to listener "Sensio\Bundle\FrameworkExtraBundle\EventListener\ParamConverterListener::onKernelController". [] []
[2013-07-10 13:17:34] event.DEBUG: Notified event "kernel.controller" to listener "Sensio\Bundle\FrameworkExtraBundle\EventListener\TemplateListener::onKernelController". [] []
[2013-07-10 13:17:35] event.DEBUG: Notified event "kernel.response" to listener "Symfony\Component\HttpKernel\EventListener\ResponseListener::onKernelResponse". [] []
[2013-07-10 13:17:35] event.DEBUG: Notified event "kernel.response" to listener "Symfony\Component\Security\Http\RememberMe\ResponseListener::onKernelResponse". [] []
[2013-07-10 13:17:35] event.DEBUG: Notified event "kernel.response" to listener "Sensio\Bundle\FrameworkExtraBundle\EventListener\CacheListener::onKernelResponse". [] []
[2013-07-10 13:17:35] event.DEBUG: Notified event "kernel.response" to listener "Symfony\Component\HttpKernel\EventListener\StreamedResponseListener::onKernelResponse". [] []
[2013-07-10 13:17:35] event.DEBUG: Listener "Symfony\Component\HttpKernel\EventListener\ExceptionListener::onKernelException" stopped propagation of the event "kernel.exception". [] []
[2013-07-10 13:17:35] event.DEBUG: Notified event "kernel.response" to listener "Symfony\Component\HttpKernel\EventListener\ResponseListener::onKernelResponse". [] []
[2013-07-10 13:17:35] event.DEBUG: Notified event "kernel.response" to listener "Symfony\Component\Security\Http\RememberMe\ResponseListener::onKernelResponse". [] []
[2013-07-10 13:17:35] event.DEBUG: Notified event "kernel.response" to listener "Sensio\Bundle\FrameworkExtraBundle\EventListener\CacheListener::onKernelResponse". [] []
[2013-07-10 13:17:35] event.DEBUG: Notified event "kernel.response" to listener "Symfony\Component\HttpKernel\EventListener\StreamedResponseListener::onKernelResponse". [] []
[2013-07-10 13:17:35] event.DEBUG: Notified event "kernel.terminate" to listener "Symfony\Bundle\SwiftmailerBundle\EventListener\EmailSenderListener::onKernelTerminate". [] []
[2013-07-10 13:17:41] event.DEBUG: Notified event "kernel.request" to listener "Symfony\Bundle\FrameworkBundle\EventListener\SessionListener::onKernelRequest". [] []
[2013-07-10 13:17:41] event.DEBUG: Notified event "kernel.request" to listener "Symfony\Component\HttpKernel\EventListener\FragmentListener::onKernelRequest". [] []
[2013-07-10 13:17:41] event.DEBUG: Notified event "kernel.request" to listener "Symfony\Component\HttpKernel\EventListener\RouterListener::onKernelRequest". [] []
[2013-07-10 13:17:41] event.DEBUG: Notified event "kernel.exception" to listener "Symfony\Component\HttpKernel\EventListener\ExceptionListener::onKernelException". [] []
[2013-07-10 13:17:41] request.ERROR: Uncaught PHP Exception Symfony\Component\HttpKernel\Exception\NotFoundHttpException: "No route found for "GET /js/bootstrap.js"" at /Users/jsimpson1271/Applications/apache2/htdocs/projects/symfony/app/cache/prod/classes.php line 2242 {"exception":"[object] (Symfony\\Component\\HttpKernel\\Exception\\NotFoundHttpException: No route found for \"GET /js/bootstrap.js\" at /Users/jsimpson1271/Applications/apache2/htdocs/projects/symfony/app/cache/prod/classes.php:2242, Symfony\\Component\\Routing\\Exception\\ResourceNotFoundException:  at /Users/jsimpson1271/Applications/apache2/htdocs/projects/symfony/app/cache/prod/appProdUrlMatcher.php:280)"} []
[2013-07-10 13:17:41] event.DEBUG: Notified event "kernel.request" to listener "closure". [] []
[2013-07-10 13:17:41] event.DEBUG: Notified event "kernel.request" to listener "Symfony\Bundle\FrameworkBundle\EventListener\SessionListener::onKernelRequest". [] []
[2013-07-10 13:17:41] event.DEBUG: Notified event "kernel.request" to listener "closure". [] []
[2013-07-10 13:17:41] event.DEBUG: Notified event "kernel.request" to listener "Symfony\Component\HttpKernel\EventListener\FragmentListener::onKernelRequest". [] []
[2013-07-10 13:17:41] event.DEBUG: Notified event "kernel.request" to listener "closure". [] []
[2013-07-10 13:17:41] event.DEBUG: Notified event "kernel.request" to listener "Symfony\Component\HttpKernel\EventListener\RouterListener::onKernelRequest". [] []
[2013-07-10 13:17:41] event.DEBUG: Notified event "kernel.request" to listener "closure". [] []
[2013-07-10 13:17:41] event.DEBUG: Notified event "kernel.request" to listener "Symfony\Component\HttpKernel\EventListener\LocaleListener::onKernelRequest". [] []
[2013-07-10 13:17:41] event.DEBUG: Notified event "kernel.request" to listener "closure". [] []
[2013-07-10 13:17:41] event.DEBUG: Notified event "kernel.request" to listener "Symfony\Component\Security\Http\Firewall::onKernelRequest". [] []
[2013-07-10 13:17:41] event.DEBUG: Notified event "kernel.request" to listener "closure". [] []
[2013-07-10 13:17:41] event.DEBUG: Notified event "kernel.request" to listener "Symfony\Component\HttpKernel\EventListener\ErrorsLoggerListener::injectLogger". [] []
[2013-07-10 13:17:41] event.DEBUG: Notified event "kernel.request" to listener "closure". [] []
[2013-07-10 13:17:41] event.DEBUG: Notified event "kernel.request" to listener "Symfony\Component\HttpKernel\EventListener\ErrorsLoggerListener::injectLogger". [] []
[2013-07-10 13:17:41] event.DEBUG: Notified event "kernel.controller" to listener "Sensio\Bundle\FrameworkExtraBundle\EventListener\ControllerListener::onKernelController". [] []
[2013-07-10 13:17:41] event.DEBUG: Notified event "kernel.controller" to listener "Sensio\Bundle\FrameworkExtraBundle\EventListener\ParamConverterListener::onKernelController". [] []
[2013-07-10 13:17:41] event.DEBUG: Notified event "kernel.controller" to listener "Sensio\Bundle\FrameworkExtraBundle\EventListener\TemplateListener::onKernelController". [] []
[2013-07-10 13:17:41] event.DEBUG: Notified event "kernel.response" to listener "Symfony\Component\HttpKernel\EventListener\ResponseListener::onKernelResponse". [] []
[2013-07-10 13:17:41] event.DEBUG: Notified event "kernel.response" to listener "Symfony\Component\Security\Http\RememberMe\ResponseListener::onKernelResponse". [] []
[2013-07-10 13:17:41] event.DEBUG: Notified event "kernel.response" to listener "Sensio\Bundle\FrameworkExtraBundle\EventListener\CacheListener::onKernelResponse". [] []
[2013-07-10 13:17:41] event.DEBUG: Notified event "kernel.response" to listener "Symfony\Component\HttpKernel\EventListener\StreamedResponseListener::onKernelResponse". [] []
[2013-07-10 13:17:41] event.DEBUG: Listener "Symfony\Component\HttpKernel\EventListener\ExceptionListener::onKernelException" stopped propagation of the event "kernel.exception". [] []
[2013-07-10 13:17:41] event.DEBUG: Notified event "kernel.response" to listener "Symfony\Component\HttpKernel\EventListener\ResponseListener::onKernelResponse". [] []
[2013-07-10 13:17:41] event.DEBUG: Notified event "kernel.response" to listener "Symfony\Component\Security\Http\RememberMe\ResponseListener::onKernelResponse". [] []
[2013-07-10 13:17:41] event.DEBUG: Notified event "kernel.response" to listener "Sensio\Bundle\FrameworkExtraBundle\EventListener\CacheListener::onKernelResponse". [] []
[2013-07-10 13:17:41] event.DEBUG: Notified event "kernel.response" to listener "Symfony\Component\HttpKernel\EventListener\StreamedResponseListener::onKernelResponse". [] []
[2013-07-10 13:17:41] event.DEBUG: Notified event "kernel.terminate" to listener "Symfony\Bundle\SwiftmailerBundle\EventListener\EmailSenderListener::onKernelTerminate". [] []
[2013-07-10 13:17:43] event.DEBUG: Notified event "kernel.request" to listener "Symfony\Bundle\FrameworkBundle\EventListener\SessionListener::onKernelRequest". [] []
[2013-07-10 13:17:43] event.DEBUG: Notified event "kernel.request" to listener "Symfony\Component\HttpKernel\EventListener\FragmentListener::onKernelRequest". [] []
[2013-07-10 13:17:43] event.DEBUG: Notified event "kernel.request" to listener "Symfony\Component\HttpKernel\EventListener\RouterListener::onKernelRequest". [] []
[2013-07-10 13:17:43] event.DEBUG: Notified event "kernel.exception" to listener "Symfony\Component\HttpKernel\EventListener\ExceptionListener::onKernelException". [] []
[2013-07-10 13:17:43] request.ERROR: Uncaught PHP Exception Symfony\Component\HttpKernel\Exception\NotFoundHttpException: "No route found for "GET /js/bootstrap.js"" at /Users/jsimpson1271/Applications/apache2/htdocs/projects/symfony/app/cache/prod/classes.php line 2242 {"exception":"[object] (Symfony\\Component\\HttpKernel\\Exception\\NotFoundHttpException: No route found for \"GET /js/bootstrap.js\" at /Users/jsimpson1271/Applications/apache2/htdocs/projects/symfony/app/cache/prod/classes.php:2242, Symfony\\Component\\Routing\\Exception\\ResourceNotFoundException:  at /Users/jsimpson1271/Applications/apache2/htdocs/projects/symfony/app/cache/prod/appProdUrlMatcher.php:280)"} []
[2013-07-10 13:17:43] event.DEBUG: Notified event "kernel.request" to listener "closure". [] []
[2013-07-10 13:17:43] event.DEBUG: Notified event "kernel.request" to listener "Symfony\Bundle\FrameworkBundle\EventListener\SessionListener::onKernelRequest". [] []
[2013-07-10 13:17:43] event.DEBUG: Notified event "kernel.request" to listener "closure". [] []
[2013-07-10 13:17:43] event.DEBUG: Notified event "kernel.request" to listener "Symfony\Component\HttpKernel\EventListener\FragmentListener::onKernelRequest". [] []
[2013-07-10 13:17:43] event.DEBUG: Notified event "kernel.request" to listener "closure". [] []
[2013-07-10 13:17:43] event.DEBUG: Notified event "kernel.request" to listener "Symfony\Component\HttpKernel\EventListener\RouterListener::onKernelRequest". [] []
[2013-07-10 13:17:43] event.DEBUG: Notified event "kernel.request" to listener "closure". [] []
[2013-07-10 13:17:43] event.DEBUG: Notified event "kernel.request" to listener "Symfony\Component\HttpKernel\EventListener\LocaleListener::onKernelRequest". [] []
[2013-07-10 13:17:43] event.DEBUG: Notified event "kernel.request" to listener "closure". [] []
[2013-07-10 13:17:43] event.DEBUG: Notified event "kernel.request" to listener "Symfony\Component\Security\Http\Firewall::onKernelRequest". [] []
[2013-07-10 13:17:43] event.DEBUG: Notified event "kernel.request" to listener "closure". [] []
[2013-07-10 13:17:43] event.DEBUG: Notified event "kernel.request" to listener "Symfony\Component\HttpKernel\EventListener\ErrorsLoggerListener::injectLogger". [] []
[2013-07-10 13:17:43] event.DEBUG: Notified event "kernel.request" to listener "closure". [] []
[2013-07-10 13:17:43] event.DEBUG: Notified event "kernel.request" to listener "Symfony\Component\HttpKernel\EventListener\ErrorsLoggerListener::injectLogger". [] []
[2013-07-10 13:17:43] event.DEBUG: Notified event "kernel.controller" to listener "Sensio\Bundle\FrameworkExtraBundle\EventListener\ControllerListener::onKernelController". [] []
[2013-07-10 13:17:43] event.DEBUG: Notified event "kernel.controller" to listener "Sensio\Bundle\FrameworkExtraBundle\EventListener\ParamConverterListener::onKernelController". [] []
[2013-07-10 13:17:43] event.DEBUG: Notified event "kernel.controller" to listener "Sensio\Bundle\FrameworkExtraBundle\EventListener\TemplateListener::onKernelController". [] []
[2013-07-10 13:17:44] event.DEBUG: Notified event "kernel.response" to listener "Symfony\Component\HttpKernel\EventListener\ResponseListener::onKernelResponse". [] []
[2013-07-10 13:17:44] event.DEBUG: Notified event "kernel.response" to listener "Symfony\Component\Security\Http\RememberMe\ResponseListener::onKernelResponse". [] []
[2013-07-10 13:17:44] event.DEBUG: Notified event "kernel.response" to listener "Sensio\Bundle\FrameworkExtraBundle\EventListener\CacheListener::onKernelResponse". [] []
[2013-07-10 13:17:44] event.DEBUG: Notified event "kernel.response" to listener "Symfony\Component\HttpKernel\EventListener\StreamedResponseListener::onKernelResponse". [] []
[2013-07-10 13:17:44] event.DEBUG: Listener "Symfony\Component\HttpKernel\EventListener\ExceptionListener::onKernelException" stopped propagation of the event "kernel.exception". [] []
[2013-07-10 13:17:44] event.DEBUG: Notified event "kernel.response" to listener "Symfony\Component\HttpKernel\EventListener\ResponseListener::onKernelResponse". [] []
[2013-07-10 13:17:44] event.DEBUG: Notified event "kernel.response" to listener "Symfony\Component\Security\Http\RememberMe\ResponseListener::onKernelResponse". [] []
[2013-07-10 13:17:44] event.DEBUG: Notified event "kernel.response" to listener "Sensio\Bundle\FrameworkExtraBundle\EventListener\CacheListener::onKernelResponse". [] []
[2013-07-10 13:17:44] event.DEBUG: Notified event "kernel.response" to listener "Symfony\Component\HttpKernel\EventListener\StreamedResponseListener::onKernelResponse". [] []
[2013-07-10 13:17:44] event.DEBUG: Notified event "kernel.terminate" to listener "Symfony\Bundle\SwiftmailerBundle\EventListener\EmailSenderListener::onKernelTerminate". [] []
